<?xml version="1.0" encoding="UTF-8"?>
<testng-results ignored="0" total="2" passed="2" failed="0" skipped="0">
  <reporter-output>
  </reporter-output>
  <suite started-at="2024-02-09T22:38:25 IST" name="Default suite" finished-at="2024-02-09T22:38:25 IST" duration-ms="76">
    <groups>
    </groups>
    <test started-at="2024-02-09T22:38:25 IST" name="Default test" finished-at="2024-02-09T22:38:25 IST" duration-ms="76">
      <class name="TestNG.BeforeAndAfterMethod">
        <test-method is-config="true" signature="OpenApp()[pri:0, instance:TestNG.BeforeAndAfterMethod@4f83df68]" started-at="2024-02-09T22:38:25 IST" name="OpenApp" finished-at="2024-02-09T22:38:25 IST" duration-ms="12" status="PASS">
          <reporter-output>
          </reporter-output>
        </test-method> <!-- OpenApp -->
        <test-method signature="Login()[pri:0, instance:TestNG.BeforeAndAfterMethod@4f83df68]" started-at="2024-02-09T22:38:25 IST" name="Login" finished-at="2024-02-09T22:38:25 IST" duration-ms="7" status="PASS">
          <reporter-output>
          </reporter-output>
        </test-method> <!-- Login -->
        <test-method signature="search()[pri:0, instance:TestNG.BeforeAndAfterMethod@4f83df68]" started-at="2024-02-09T22:38:25 IST" name="search" finished-at="2024-02-09T22:38:25 IST" duration-ms="3" status="PASS">
          <reporter-output>
          </reporter-output>
        </test-method> <!-- search -->
        <test-method is-config="true" signature="CloseApp()[pri:0, instance:TestNG.BeforeAndAfterMethod@4f83df68]" started-at="2024-02-09T22:38:25 IST" name="CloseApp" finished-at="2024-02-09T22:38:25 IST" duration-ms="2" status="PASS">
          <reporter-output>
          </reporter-output>
        </test-method> <!-- CloseApp -->
      </class> <!-- TestNG.BeforeAndAfterMethod -->
    </test> <!-- Default test -->
  </suite> <!-- Default suite -->
</testng-results>
